0 info it worked if it ends with ok
1 verbose cli [ '/usr/local/bin/node', '/usr/local/bin/npm', 'run', 'test' ]
2 info using npm@3.5.1
3 info using node@v4.1.2
4 verbose run-script [ 'pretest', 'test', 'posttest' ]
5 info lifecycle kickstart-mantrajs-webpack@1.0.0~pretest: kickstart-mantrajs-webpack@1.0.0
6 silly lifecycle kickstart-mantrajs-webpack@1.0.0~pretest: no script for pretest, continuing
7 info lifecycle kickstart-mantrajs-webpack@1.0.0~test: kickstart-mantrajs-webpack@1.0.0
8 verbose lifecycle kickstart-mantrajs-webpack@1.0.0~test: unsafe-perm in lifecycle true
9 verbose lifecycle kickstart-mantrajs-webpack@1.0.0~test: PATH: /usr/local/lib/node_modules/npm/bin/node-gyp-bin:/Users/tomi/Documents/Programming/Github/kickstart-mantra-webpack/node_modules/.bin:/usr/local/bin:/usr/bin:/bin:/usr/sbin:/sbin:/usr/texbin
10 verbose lifecycle kickstart-mantrajs-webpack@1.0.0~test: CWD: /Users/tomi/Documents/Programming/Github/kickstart-mantra-webpack
11 silly lifecycle kickstart-mantrajs-webpack@1.0.0~test: Args: [ '-c', 'npm run lint && npm run testonly' ]
12 silly lifecycle kickstart-mantrajs-webpack@1.0.0~test: Returned: code: 1  signal: null
13 info lifecycle kickstart-mantrajs-webpack@1.0.0~test: Failed to exec test script
14 verbose stack Error: kickstart-mantrajs-webpack@1.0.0 test: `npm run lint && npm run testonly`
14 verbose stack Exit status 1
14 verbose stack     at EventEmitter.<anonymous> (/usr/local/lib/node_modules/npm/lib/utils/lifecycle.js:232:16)
14 verbose stack     at emitTwo (events.js:87:13)
14 verbose stack     at EventEmitter.emit (events.js:172:7)
14 verbose stack     at ChildProcess.<anonymous> (/usr/local/lib/node_modules/npm/lib/utils/spawn.js:24:14)
14 verbose stack     at emitTwo (events.js:87:13)
14 verbose stack     at ChildProcess.emit (events.js:172:7)
14 verbose stack     at maybeClose (internal/child_process.js:818:16)
14 verbose stack     at Process.ChildProcess._handle.onexit (internal/child_process.js:211:5)
15 verbose pkgid kickstart-mantrajs-webpack@1.0.0
16 verbose cwd /Users/tomi/Documents/Programming/Github/kickstart-mantra-webpack
17 error Darwin 15.3.0
18 error argv "/usr/local/bin/node" "/usr/local/bin/npm" "run" "test"
19 error node v4.1.2
20 error npm  v3.5.1
21 error code ELIFECYCLE
22 error kickstart-mantrajs-webpack@1.0.0 test: `npm run lint && npm run testonly`
22 error Exit status 1
23 error Failed at the kickstart-mantrajs-webpack@1.0.0 test script 'npm run lint && npm run testonly'.
23 error Make sure you have the latest version of node.js and npm installed.
23 error If you do, this is most likely a problem with the kickstart-mantrajs-webpack package,
23 error not with npm itself.
23 error Tell the author that this fails on your system:
23 error     npm run lint && npm run testonly
23 error You can get information on how to open an issue for this project with:
23 error     npm bugs kickstart-mantrajs-webpack
23 error Or if that isn't available, you can get their info via:
23 error     npm owner ls kickstart-mantrajs-webpack
23 error There is likely additional logging output above.
24 verbose exit [ 1, true ]
